demo_rong/build/outputs/logs/manifest-merger-debug-report.txt
-- Merging decision tree log ---
manifest
ADDED from rongsdk\demo_rong\AndroidManifest.xml:2:1-41:12
	package
		ADDED from rongsdk\demo_rong\AndroidManifest.xml:3:5-31
	android:versionName
		ADDED from rongsdk\demo_rong\AndroidManifest.xml:5:5-30
		INJECTED from rongsdk\demo_rong\AndroidManifest.xml
		INJECTED from rongsdk\demo_rong\AndroidManifest.xml
	android:versionCode
		ADDED from rongsdk\demo_rong\AndroidManifest.xml:4:5-28
		INJECTED from rongsdk\demo_rong\AndroidManifest.xml
		INJECTED from rongsdk\demo_rong\AndroidManifest.xml
	xmlns:android
		ADDED from rongsdk\demo_rong\AndroidManifest.xml:2:11-69
uses-sdk
ADDED from rongsdk\demo_rong\AndroidManifest.xml:7:5-9:41
	android:targetSdkVersion
		ADDED from rongsdk\demo_rong\AndroidManifest.xml:9:9-38
	android:minSdkVersion
		ADDED from rongsdk\demo_rong\AndroidManifest.xml:8:9-34
application
ADDED from rongsdk\demo_rong\AndroidManifest.xml:13:5-39:19
MERGED from [rongsdk:lib_mzw:unspecified] AndroidManifest.xml:19:5-43:19
MERGED from [rongsdk:lib_common:unspecified] AndroidManifest.xml:6:5-10:19
	android:screenOrientation
		ADDED from rongsdk\demo_rong\AndroidManifest.xml:17:9-46
	android:label
		ADDED from rongsdk\demo_rong\AndroidManifest.xml:18:9-41
	android:supportsRtl
		ADDED from [rongsdk:lib_common:unspecified] AndroidManifest.xml:9:9-35
	android:allowBackup
		ADDED from rongsdk\demo_rong\AndroidManifest.xml:15:9-35
	android:icon
		ADDED from rongsdk\demo_rong\AndroidManifest.xml:16:9-45
	android:theme
		ADDED from rongsdk\demo_rong\AndroidManifest.xml:19:9-62
	android:name
		ADDED from rongsdk\demo_rong\AndroidManifest.xml:14:9-40
activity#com.rongmzw.demo.SplashActivity
ADDED from rongsdk\demo_rong\AndroidManifest.xml:20:9-31:20
	android:screenOrientation
		ADDED from rongsdk\demo_rong\AndroidManifest.xml:23:13-50
	android:label
		ADDED from rongsdk\demo_rong\AndroidManifest.xml:24:13-45
	android:launchMode
		ADDED from rongsdk\demo_rong\AndroidManifest.xml:25:13-44
	android:configChanges
		ADDED from rongsdk\demo_rong\AndroidManifest.xml:22:13-85
	android:name
		ADDED from rongsdk\demo_rong\AndroidManifest.xml:21:13-59
intent-filter#android.intent.action.MAIN+android.intent.category.LAUNCHER
ADDED from rongsdk\demo_rong\AndroidManifest.xml:26:13-30:29
action#android.intent.action.MAIN
ADDED from rongsdk\demo_rong\AndroidManifest.xml:27:17-69
	android:name
		ADDED from rongsdk\demo_rong\AndroidManifest.xml:27:25-66
category#android.intent.category.LAUNCHER
ADDED from rongsdk\demo_rong\AndroidManifest.xml:29:17-77
	android:name
		ADDED from rongsdk\demo_rong\AndroidManifest.xml:29:27-74
activity#com.rongmzw.demo.MainActivity
ADDED from rongsdk\demo_rong\AndroidManifest.xml:33:9-37:47
	android:screenOrientation
		ADDED from rongsdk\demo_rong\AndroidManifest.xml:35:13-50
	android:launchMode
		ADDED from rongsdk\demo_rong\AndroidManifest.xml:37:13-44
	android:configChanges
		ADDED from rongsdk\demo_rong\AndroidManifest.xml:36:13-85
	android:name
		ADDED from rongsdk\demo_rong\AndroidManifest.xml:34:13-57
uses-permission#android.permission.ACCESS_NETWORK_STATE
ADDED from [rongsdk:lib_mzw:unspecified] AndroidManifest.xml:6:5-79
	android:name
		ADDED from [rongsdk:lib_mzw:unspecified] AndroidManifest.xml:6:22-76
uses-permission#android.permission.WRITE_EXTERNAL_STORAGE
ADDED from [rongsdk:lib_mzw:unspecified] AndroidManifest.xml:7:5-81
IMPLIED from rongsdk\demo_rong\AndroidManifest.xml:2:1-41:12 reason: com.rongmzw.frame.sdk.core has a targetSdkVersion < 4
	android:name
		ADDED from [rongsdk:lib_mzw:unspecified] AndroidManifest.xml:7:22-78
uses-permission#android.permission.READ_PHONE_STATE
ADDED from [rongsdk:lib_mzw:unspecified] AndroidManifest.xml:8:5-75
IMPLIED from rongsdk\demo_rong\AndroidManifest.xml:2:1-41:12 reason: com.rongmzw.frame.sdk.core has a targetSdkVersion < 4
	android:name
		ADDED from [rongsdk:lib_mzw:unspecified] AndroidManifest.xml:8:22-72
uses-permission#android.permission.ACCESS_WIFI_STATE
ADDED from [rongsdk:lib_mzw:unspecified] AndroidManifest.xml:9:5-76
	android:name
		ADDED from [rongsdk:lib_mzw:unspecified] AndroidManifest.xml:9:22-73
uses-permission#android.permission.INTERNET
ADDED from [rongsdk:lib_mzw:unspecified] AndroidManifest.xml:10:5-67
	android:name
		ADDED from [rongsdk:lib_mzw:unspecified] AndroidManifest.xml:10:22-64
uses-permission#android.permission.RECEIVE_SMS
ADDED from [rongsdk:lib_mzw:unspecified] AndroidManifest.xml:11:5-70
	android:name
		ADDED from [rongsdk:lib_mzw:unspecified] AndroidManifest.xml:11:22-67
uses-permission#android.permission.GET_TASKS
ADDED from [rongsdk:lib_mzw:unspecified] AndroidManifest.xml:12:5-68
	android:name
		ADDED from [rongsdk:lib_mzw:unspecified] AndroidManifest.xml:12:22-65
uses-permission#android.permission.SYSTEM_ALERT_WINDOW
ADDED from [rongsdk:lib_mzw:unspecified] AndroidManifest.xml:13:5-78
	android:name
		ADDED from [rongsdk:lib_mzw:unspecified] AndroidManifest.xml:13:22-75
uses-permission#android.permission.CAMERA
ADDED from [rongsdk:lib_mzw:unspecified] AndroidManifest.xml:14:5-65
	android:name
		ADDED from [rongsdk:lib_mzw:unspecified] AndroidManifest.xml:14:22-62
uses-permission#android.permission.KILL_BACKGROUND_PROCESSES
ADDED from [rongsdk:lib_mzw:unspecified] AndroidManifest.xml:15:5-84
	android:name
		ADDED from [rongsdk:lib_mzw:unspecified] AndroidManifest.xml:15:22-81
uses-permission#android.permission.CHANGE_NETWORK_STATE
ADDED from [rongsdk:lib_mzw:unspecified] AndroidManifest.xml:16:5-79
	android:name
		ADDED from [rongsdk:lib_mzw:unspecified] AndroidManifest.xml:16:22-76
uses-permission#android.permission.READ_EXTERNAL_STORAGE
ADDED from [rongsdk:lib_mzw:unspecified] AndroidManifest.xml:17:5-80
IMPLIED from rongsdk\demo_rong\AndroidManifest.xml:2:1-41:12 reason: com.rongmzw.frame.sdk.core requested WRITE_EXTERNAL_STORAGE
	android:name
		ADDED from [rongsdk:lib_mzw:unspecified] AndroidManifest.xml:17:22-77
activity#com.muzhiwan.plugin.LActivityProxy
ADDED from [rongsdk:lib_mzw:unspecified] AndroidManifest.xml:20:9-24:76
	android:windowSoftInputMode
		ADDED from [rongsdk:lib_mzw:unspecified] AndroidManifest.xml:24:13-73
	android:configChanges
		ADDED from [rongsdk:lib_mzw:unspecified] AndroidManifest.xml:22:13-85
	android:theme
		ADDED from [rongsdk:lib_mzw:unspecified] AndroidManifest.xml:23:13-61
	android:name
		ADDED from [rongsdk:lib_mzw:unspecified] AndroidManifest.xml:21:13-62
service#com.muzhiwan.plugin.service.LProxyService
ADDED from [rongsdk:lib_mzw:unspecified] AndroidManifest.xml:26:9-77
	android:name
		ADDED from [rongsdk:lib_mzw:unspecified] AndroidManifest.xml:26:18-74
meta-data#mzw_sdk
ADDED from [rongsdk:lib_mzw:unspecified] AndroidManifest.xml:28:9-30:36
	android:value
		ADDED from [rongsdk:lib_mzw:unspecified] AndroidManifest.xml:30:13-33
	android:name
		ADDED from [rongsdk:lib_mzw:unspecified] AndroidManifest.xml:29:13-35
meta-data#MZWAPPKEY
ADDED from [rongsdk:lib_mzw:unspecified] AndroidManifest.xml:31:9-33:44
	android:value
		ADDED from [rongsdk:lib_mzw:unspecified] AndroidManifest.xml:33:13-41
	android:name
		ADDED from [rongsdk:lib_mzw:unspecified] AndroidManifest.xml:32:13-37
meta-data#mzw_channel
ADDED from [rongsdk:lib_mzw:unspecified] AndroidManifest.xml:34:9-36:35
	android:value
		ADDED from [rongsdk:lib_mzw:unspecified] AndroidManifest.xml:36:13-32
	android:name
		ADDED from [rongsdk:lib_mzw:unspecified] AndroidManifest.xml:35:13-39
meta-data#mzw_cps
ADDED from [rongsdk:lib_mzw:unspecified] AndroidManifest.xml:37:9-39:35
	android:value
		ADDED from [rongsdk:lib_mzw:unspecified] AndroidManifest.xml:39:13-32
	android:name
		ADDED from [rongsdk:lib_mzw:unspecified] AndroidManifest.xml:38:13-35
meta-data#DEBUG
ADDED from [rongsdk:lib_mzw:unspecified] AndroidManifest.xml:40:9-42:37
	android:value
		ADDED from [rongsdk:lib_mzw:unspecified] AndroidManifest.xml:42:13-34
	android:name
		ADDED from [rongsdk:lib_mzw:unspecified] AndroidManifest.xml:41:13-33